<?xml version="1.0" encoding="UTF-8"?>
<!-- Generated by org.testng.reporters.JUnitXMLReporter -->
<testsuite ignored="0" hostname="DESKTOP-RGFSRAV" failures="0" tests="3" name="Submit Order Test" time="36.814" errors="0" timestamp="2025-01-24T18:47:05 EST">
  <testcase classname="learningacademy.tests.SubmitOrderTest" name="submitOrder" time="5.432"/>
  <testcase classname="learningacademy.tests.SubmitOrderTest" name="submitOrder" time="5.172"/>
  <testcase classname="learningacademy.tests.SubmitOrderTest" name="OrderHistoryTest" time="1.172"/>
</testsuite> <!-- Submit Order Test -->
