<?xml version="1.0" encoding="UTF-8"?>
<!-- Generated by org.testng.reporters.JUnitXMLReporter -->
<testsuite ignored="1" hostname="DESKTOP-RGFSRAV" failures="0" tests="2" name="Error Validation Test" time="14.979" errors="0" timestamp="2025-01-25T18:09:29 EST">
  <testcase classname="learningacademy.tests.ErrorValidation" name="LoginErrorValidation" time="0.03">
    <skipped/>
  </testcase> <!-- LoginErrorValidation -->
  <testcase classname="learningacademy.tests.ErrorValidation" name="LoginErrorValidation" time="3.048"/>
  <testcase classname="learningacademy.tests.ErrorValidation" name="ProductErrorValidation" time="0.0">
    <ignored/>
  </testcase> <!-- ProductErrorValidation -->
</testsuite> <!-- Error Validation Test -->
